<?xml version="1.0" encoding="UTF-8"?>
<coverage generated="1780334638457" clover="3.2.0">
  <project timestamp="1780334638457" name="All files">
    <metrics statements="27" coveredstatements="27" conditionals="22" coveredconditionals="22" methods="4" coveredmethods="4" elements="53" coveredelements="53" complexity="0" loc="27" ncloc="27" packages="2" files="2" classes="2"/>
    <package name="2">
      <metrics statements="6" coveredstatements="6" conditionals="0" coveredconditionals="0" methods="1" coveredmethods="1"/>
      <file name="getRandomInt.js" path="C:\Users\ogoruslan\Desktop\12121\New folder\js_full\pages\js\2\getRandomInt.js">
        <metrics statements="6" coveredstatements="6" conditionals="0" coveredconditionals="0" methods="1" coveredmethods="1"/>
        <line num="20" count="5" type="stmt"/>
        <line num="21" count="5" type="stmt"/>
        <line num="23" count="1" type="stmt"/>
        <line num="24" count="1" type="stmt"/>
        <line num="25" count="1" type="stmt"/>
        <line num="34" count="1" type="stmt"/>
      </file>
    </package>
    <package name="test">
      <metrics statements="21" coveredstatements="21" conditionals="22" coveredconditionals="22" methods="3" coveredmethods="3"/>
      <file name="test_file.js" path="C:\Users\ogoruslan\Desktop\12121\New folder\js_full\pages\js\test\test_file.js">
        <metrics statements="21" coveredstatements="21" conditionals="22" coveredconditionals="22" methods="3" coveredmethods="3"/>
        <line num="8" count="15" type="cond" truecount="2" falsecount="0"/>
        <line num="39" count="14" type="stmt"/>
        <line num="41" count="14" type="cond" truecount="8" falsecount="0"/>
        <line num="43" count="1" type="stmt"/>
        <line num="44" count="1" type="stmt"/>
        <line num="46" count="1" type="stmt"/>
        <line num="47" count="1" type="stmt"/>
        <line num="49" count="1" type="stmt"/>
        <line num="50" count="1" type="stmt"/>
        <line num="52" count="1" type="stmt"/>
        <line num="53" count="1" type="stmt"/>
        <line num="55" count="1" type="stmt"/>
        <line num="56" count="1" type="stmt"/>
        <line num="58" count="1" type="stmt"/>
        <line num="59" count="1" type="stmt"/>
        <line num="61" count="1" type="stmt"/>
        <line num="62" count="1" type="stmt"/>
        <line num="64" count="7" type="stmt"/>
        <line num="67" count="14" type="stmt"/>
        <line num="80" count="1" type="stmt"/>
        <line num="85" count="1" type="stmt"/>
      </file>
    </package>
  </project>
</coverage>
