{"C:\\Users\\ogoruslan\\Desktop\\12121\\New folder\\js_full\\pages\\js\\2\\getRandomInt.js": {"path":"C:\\Users\\ogoruslan\\Desktop\\12121\\New folder\\js_full\\pages\\js\\2\\getRandomInt.js","statementMap":{"0":{"start":{"line":20,"column":2},"end":{"line":20,"column":61}},"1":{"start":{"line":21,"column":2},"end":{"line":21,"column":15}},"2":{"start":{"line":23,"column":0},"end":{"line":23,"column":33}},"3":{"start":{"line":24,"column":1},"end":{"line":24,"column":35}},"4":{"start":{"line":25,"column":1},"end":{"line":25,"column":35}},"5":{"start":{"line":34,"column":0},"end":{"line":34,"column":34}}},"fnMap":{"0":{"name":"getRandomInt","decl":{"start":{"line":18,"column":9},"end":{"line":18,"column":21}},"loc":{"start":{"line":18,"column":32},"end":{"line":22,"column":1}},"line":18}},"branchMap":{},"s":{"0":5,"1":5,"2":1,"3":1,"4":1,"5":1},"f":{"0":5},"b":{},"_coverageSchema":"1a1c01bbd47fc00a2c39e90264f33305004495a9","hash":"2ac6f92914e232a3216583cdfc16282748d82680"}
,"C:\\Users\\ogoruslan\\Desktop\\12121\\New folder\\js_full\\pages\\js\\test\\test_file.js": {"path":"C:\\Users\\ogoruslan\\Desktop\\12121\\New folder\\js_full\\pages\\js\\test\\test_file.js","statementMap":{"0":{"start":{"line":8,"column":2},"end":{"line":14,"column":42}},"1":{"start":{"line":39,"column":12},"end":{"line":39,"column":14}},"2":{"start":{"line":41,"column":2},"end":{"line":65,"column":3}},"3":{"start":{"line":43,"column":6},"end":{"line":43,"column":23}},"4":{"start":{"line":44,"column":6},"end":{"line":44,"column":11}},"5":{"start":{"line":46,"column":6},"end":{"line":46,"column":22}},"6":{"start":{"line":47,"column":6},"end":{"line":47,"column":11}},"7":{"start":{"line":49,"column":6},"end":{"line":49,"column":20}},"8":{"start":{"line":50,"column":6},"end":{"line":50,"column":11}},"9":{"start":{"line":52,"column":6},"end":{"line":52,"column":20}},"10":{"start":{"line":53,"column":6},"end":{"line":53,"column":11}},"11":{"start":{"line":55,"column":6},"end":{"line":55,"column":23}},"12":{"start":{"line":56,"column":6},"end":{"line":56,"column":11}},"13":{"start":{"line":58,"column":6},"end":{"line":58,"column":20}},"14":{"start":{"line":59,"column":6},"end":{"line":59,"column":11}},"15":{"start":{"line":61,"column":6},"end":{"line":61,"column":20}},"16":{"start":{"line":62,"column":6},"end":{"line":62,"column":11}},"17":{"start":{"line":64,"column":6},"end":{"line":64,"column":16}},"18":{"start":{"line":67,"column":2},"end":{"line":67,"column":12}},"19":{"start":{"line":80,"column":2},"end":{"line":80,"column":33}},"20":{"start":{"line":85,"column":0},"end":{"line":85,"column":54}}},"fnMap":{"0":{"name":"ageClassification","decl":{"start":{"line":7,"column":9},"end":{"line":7,"column":26}},"loc":{"start":{"line":7,"column":32},"end":{"line":15,"column":1}},"line":7},"1":{"name":"weekFn","decl":{"start":{"line":38,"column":9},"end":{"line":38,"column":15}},"loc":{"start":{"line":38,"column":22},"end":{"line":68,"column":1}},"line":38},"2":{"name":"greet","decl":{"start":{"line":79,"column":9},"end":{"line":79,"column":14}},"loc":{"start":{"line":79,"column":21},"end":{"line":81,"column":1}},"line":79}},"branchMap":{"0":{"loc":{"start":{"line":8,"column":9},"end":{"line":14,"column":42}},"type":"cond-expr","locations":[{"start":{"line":8,"column":19},"end":{"line":8,"column":23}},{"start":{"line":9,"column":4},"end":{"line":14,"column":42}}],"line":8},"1":{"loc":{"start":{"line":9,"column":4},"end":{"line":14,"column":42}},"type":"cond-expr","locations":[{"start":{"line":9,"column":16},"end":{"line":9,"column":27}},{"start":{"line":10,"column":6},"end":{"line":14,"column":42}}],"line":9},"2":{"loc":{"start":{"line":10,"column":6},"end":{"line":14,"column":42}},"type":"cond-expr","locations":[{"start":{"line":10,"column":18},"end":{"line":10,"column":29}},{"start":{"line":11,"column":8},"end":{"line":14,"column":42}}],"line":10},"3":{"loc":{"start":{"line":11,"column":8},"end":{"line":14,"column":42}},"type":"cond-expr","locations":[{"start":{"line":11,"column":20},"end":{"line":11,"column":30}},{"start":{"line":12,"column":10},"end":{"line":14,"column":42}}],"line":11},"4":{"loc":{"start":{"line":12,"column":10},"end":{"line":14,"column":42}},"type":"cond-expr","locations":[{"start":{"line":12,"column":22},"end":{"line":12,"column":32}},{"start":{"line":13,"column":12},"end":{"line":14,"column":42}}],"line":12},"5":{"loc":{"start":{"line":13,"column":12},"end":{"line":14,"column":42}},"type":"cond-expr","locations":[{"start":{"line":13,"column":24},"end":{"line":13,"column":36}},{"start":{"line":14,"column":14},"end":{"line":14,"column":42}}],"line":13},"6":{"loc":{"start":{"line":14,"column":14},"end":{"line":14,"column":42}},"type":"cond-expr","locations":[{"start":{"line":14,"column":27},"end":{"line":14,"column":35}},{"start":{"line":14,"column":38},"end":{"line":14,"column":42}}],"line":14},"7":{"loc":{"start":{"line":41,"column":2},"end":{"line":65,"column":3}},"type":"switch","locations":[{"start":{"line":42,"column":4},"end":{"line":44,"column":11}},{"start":{"line":45,"column":4},"end":{"line":47,"column":11}},{"start":{"line":48,"column":4},"end":{"line":50,"column":11}},{"start":{"line":51,"column":4},"end":{"line":53,"column":11}},{"start":{"line":54,"column":4},"end":{"line":56,"column":11}},{"start":{"line":57,"column":4},"end":{"line":59,"column":11}},{"start":{"line":60,"column":4},"end":{"line":62,"column":11}},{"start":{"line":63,"column":4},"end":{"line":64,"column":16}}],"line":41}},"s":{"0":15,"1":14,"2":14,"3":1,"4":1,"5":1,"6":1,"7":1,"8":1,"9":1,"10":1,"11":1,"12":1,"13":1,"14":1,"15":1,"16":1,"17":7,"18":14,"19":1,"20":1},"f":{"0":15,"1":14,"2":1},"b":{"0":[1,14],"1":[3,11],"2":[2,9],"3":[2,7],"4":[2,5],"5":[2,3],"6":[2,1],"7":[1,1,1,1,1,1,1,7]},"_coverageSchema":"1a1c01bbd47fc00a2c39e90264f33305004495a9","hash":"00521e3f1a74b9815bae6bd7b890be29e32f77aa"}
}
