TN:
SF:pages\js\2\getRandomInt.js
FN:18,getRandomInt
FNF:1
FNH:1
FNDA:5,getRandomInt
DA:20,5
DA:21,5
DA:23,1
DA:24,1
DA:25,1
DA:34,1
LF:6
LH:6
BRF:0
BRH:0
end_of_record
TN:
SF:pages\js\test\test_file.js
FN:7,ageClassification
FN:38,weekFn
FN:79,greet
FNF:3
FNH:3
FNDA:15,ageClassification
FNDA:14,weekFn
FNDA:1,greet
DA:8,15
DA:39,14
DA:41,14
DA:43,1
DA:44,1
DA:46,1
DA:47,1
DA:49,1
DA:50,1
DA:52,1
DA:53,1
DA:55,1
DA:56,1
DA:58,1
DA:59,1
DA:61,1
DA:62,1
DA:64,7
DA:67,14
DA:80,1
DA:85,1
LF:21
LH:21
BRDA:8,0,0,1
BRDA:8,0,1,14
BRDA:9,1,0,3
BRDA:9,1,1,11
BRDA:10,2,0,2
BRDA:10,2,1,9
BRDA:11,3,0,2
BRDA:11,3,1,7
BRDA:12,4,0,2
BRDA:12,4,1,5
BRDA:13,5,0,2
BRDA:13,5,1,3
BRDA:14,6,0,2
BRDA:14,6,1,1
BRDA:41,7,0,1
BRDA:41,7,1,1
BRDA:41,7,2,1
BRDA:41,7,3,1
BRDA:41,7,4,1
BRDA:41,7,5,1
BRDA:41,7,6,1
BRDA:41,7,7,7
BRF:22
BRH:22
end_of_record
